# JRE version: OpenJDK Runtime Environment (11.0.13) (build 11.0.13+0-b1751.21-8125866)
# Java VM: OpenJDK 64-Bit Server VM (11.0.13+0-b1751.21-8125866, mixed mode, tiered, compressed oops, g1 gc, windows-amd64)
Heap:
 garbage-first heap   total 187392K, used 119386K [0x0000000080000000, 0x0000000100000000)
  region size 1024K, 2 young (2048K), 2 survivors (2048K)
 Metaspace       used 93435K, capacity 95786K, committed 96208K, reserved 1132544K
  class space    used 11824K, capacity 12701K, committed 12800K, reserved 1048576K
GC Heap History (20 events):
Event: 34.743 GC heap after
{Heap after GC invocations=22 (full 0):
 garbage-first heap   total 155648K, used 99705K [0x0000000080000000, 0x0000000100000000)
  region size 1024K, 6 young (6144K), 6 survivors (6144K)
 Metaspace       used 86631K, capacity 88986K, committed 89168K, reserved 1126400K
  class space    used 11195K, capacity 12062K, committed 12160K, reserved 1048576K
}
Event: 35.250 GC heap before
{Heap before GC invocations=22 (full 0):
 garbage-first heap   total 155648K, used 107897K [0x0000000080000000, 0x0000000100000000)
  region size 1024K, 16 young (16384K), 6 survivors (6144K)
 Metaspace       used 87321K, capacity 89747K, committed 89936K, reserved 1126400K
  class space    used 11257K, capacity 12137K, committed 12160K, reserved 1048576K
}
Event: 35.263 GC heap after
{Heap after GC invocations=23 (full 0):
 garbage-first heap   total 155648K, used 101848K [0x0000000080000000, 0x0000000100000000)
  region size 1024K, 2 young (2048K), 2 survivors (2048K)
 Metaspace       used 87321K, capacity 89747K, committed 89936K, reserved 1126400K
  class space    used 11257K, capacity 12137K, committed 12160K, reserved 1048576K
}
Event: 35.588 GC heap before
{Heap before GC invocations=24 (full 0):
 garbage-first heap   total 155648K, used 114136K [0x0000000080000000, 0x0000000100000000)
  region size 1024K, 10 young (10240K), 2 survivors (2048K)
 Metaspace       used 88220K, capacity 90512K, committed 91088K, reserved 1128448K
  class space    used 11288K, capacity 12110K, committed 12288K, reserved 1048576K
}
Event: 35.599 GC heap after
{Heap after GC invocations=25 (full 0):
 garbage-first heap   total 155648K, used 110592K [0x0000000080000000, 0x0000000100000000)
  region size 1024K, 3 young (3072K), 3 survivors (3072K)
 Metaspace       used 88220K, capacity 90512K, committed 91088K, reserved 1128448K
  class space    used 11288K, capacity 12110K, committed 12288K, reserved 1048576K
}
Event: 36.056 GC heap before
{Heap before GC invocations=26 (full 0):
 garbage-first heap   total 155648K, used 134144K [0x0000000080000000, 0x0000000100000000)
  region size 1024K, 20 young (20480K), 3 survivors (3072K)
 Metaspace       used 89698K, capacity 92005K, committed 92496K, reserved 1130496K
  class space    used 11438K, capacity 12265K, committed 12416K, reserved 1048576K
}
Event: 36.064 GC heap after
{Heap after GC invocations=27 (full 0):
 garbage-first heap   total 155648K, used 113614K [0x0000000080000000, 0x0000000100000000)
  region size 1024K, 3 young (3072K), 3 survivors (3072K)
 Metaspace       used 89698K, capacity 92005K, committed 92496K, reserved 1130496K
  class space    used 11438K, capacity 12265K, committed 12416K, reserved 1048576K
}
Event: 36.214 GC heap before
{Heap before GC invocations=27 (full 0):
 garbage-first heap   total 155648K, used 127950K [0x0000000080000000, 0x0000000100000000)
  region size 1024K, 18 young (18432K), 3 survivors (3072K)
 Metaspace       used 89730K, capacity 92069K, committed 92496K, reserved 1130496K
  class space    used 11438K, capacity 12265K, committed 12416K, reserved 1048576K
}
Event: 36.224 GC heap after
{Heap after GC invocations=28 (full 0):
 garbage-first heap   total 155648K, used 114989K [0x0000000080000000, 0x0000000100000000)
  region size 1024K, 2 young (2048K), 2 survivors (2048K)
 Metaspace       used 89730K, capacity 92069K, committed 92496K, reserved 1130496K
  class space    used 11438K, capacity 12265K, committed 12416K, reserved 1048576K
}
Event: 36.879 GC heap before
{Heap before GC invocations=29 (full 0):
 garbage-first heap   total 155648K, used 128301K [0x0000000080000000, 0x0000000100000000)
  region size 1024K, 16 young (16384K), 2 survivors (2048K)
 Metaspace       used 91589K, capacity 93929K, committed 94288K, reserved 1130496K
  class space    used 11674K, capacity 12522K, committed 12672K, reserved 1048576K
}
Event: 36.884 GC heap after
{Heap after GC invocations=30 (full 0):
 garbage-first heap   total 155648K, used 116628K [0x0000000080000000, 0x0000000100000000)
  region size 1024K, 2 young (2048K), 2 survivors (2048K)
 Metaspace       used 91589K, capacity 93929K, committed 94288K, reserved 1130496K
  class space    used 11674K, capacity 12522K, committed 12672K, reserved 1048576K
}
Event: 37.206 GC heap before
{Heap before GC invocations=30 (full 0):
 garbage-first heap   total 155648K, used 130964K [0x0000000080000000, 0x0000000100000000)
  region size 1024K, 16 young (16384K), 2 survivors (2048K)
 Metaspace       used 92373K, capacity 94704K, committed 95184K, reserved 1132544K
  class space    used 11728K, capacity 12588K, committed 12800K, reserved 1048576K
}
Event: 37.213 GC heap after
{Heap after GC invocations=31 (full 0):
 garbage-first heap   total 155648K, used 117056K [0x0000000080000000, 0x0000000100000000)
  region size 1024K, 1 young (1024K), 1 survivors (1024K)
 Metaspace       used 92373K, capacity 94704K, committed 95184K, reserved 1132544K
  class space    used 11728K, capacity 12588K, committed 12800K, reserved 1048576K
}
Event: 37.569 GC heap before
{Heap before GC invocations=32 (full 0):
 garbage-first heap   total 155648K, used 121152K [0x0000000080000000, 0x0000000100000000)
  region size 1024K, 13 young (13312K), 1 survivors (1024K)
 Metaspace       used 92471K, capacity 94832K, committed 95440K, reserved 1132544K
  class space    used 11736K, capacity 12588K, committed 12800K, reserved 1048576K
}
Event: 37.579 GC heap after
{Heap after GC invocations=33 (full 0):
 garbage-first heap   total 155648K, used 116257K [0x0000000080000000, 0x0000000100000000)
  region size 1024K, 2 young (2048K), 2 survivors (2048K)
 Metaspace       used 92471K, capacity 94832K, committed 95440K, reserved 1132544K
  class space    used 11736K, capacity 12588K, committed 12800K, reserved 1048576K
}
Event: 37.870 GC heap before
{Heap before GC invocations=34 (full 0):
 garbage-first heap   total 155648K, used 145953K [0x0000000080000000, 0x0000000100000000)
  region size 1024K, 15 young (15360K), 2 survivors (2048K)
 Metaspace       used 92788K, capacity 95096K, committed 95440K, reserved 1132544K
  class space    used 11759K, capacity 12601K, committed 12800K, reserved 1048576K
}
Event: 37.877 GC heap after
{Heap after GC invocations=35 (full 0):
 garbage-first heap   total 155648K, used 117856K [0x0000000080000000, 0x0000000100000000)
  region size 1024K, 2 young (2048K), 2 survivors (2048K)
 Metaspace       used 92788K, capacity 95096K, committed 95440K, reserved 1132544K
  class space    used 11759K, capacity 12601K, committed 12800K, reserved 1048576K
}
Event: 37.926 GC heap before
{Heap before GC invocations=35 (full 0):
 garbage-first heap   total 155648K, used 130144K [0x0000000080000000, 0x0000000100000000)
  region size 1024K, 14 young (14336K), 2 survivors (2048K)
 Metaspace       used 92829K, capacity 95163K, committed 95696K, reserved 1132544K
  class space    used 11761K, capacity 12602K, committed 12800K, reserved 1048576K
}
Event: 37.931 GC heap after
{Heap after GC invocations=36 (full 0):
 garbage-first heap   total 155648K, used 120317K [0x0000000080000000, 0x0000000100000000)
  region size 1024K, 2 young (2048K), 2 survivors (2048K)
 Metaspace       used 92829K, capacity 95163K, committed 95696K, reserved 1132544K
  class space    used 11761K, capacity 12602K, committed 12800K, reserved 1048576K
}
Event: 38.233 GC heap before
{Heap before GC invocations=36 (full 0):
 garbage-first heap   total 155648K, used 128509K [0x0000000080000000, 0x0000000100000000)
  region size 1024K, 13 young (13312K), 2 survivors (2048K)
 Metaspace       used 93435K, capacity 95786K, committed 96208K, reserved 1132544K
  class space    used 11824K, capacity 12701K, committed 12800K, reserved 1048576K
}

